<?xml version="1.0" encoding="UTF-8"?>
<testsuite xmlns:xsi="http://www.w3.org/2001/XMLSchema-instance" xsi:noNamespaceSchemaLocation="https://maven.apache.org/surefire/maven-surefire-plugin/xsd/surefire-test-report.xsd" name="TestRegistrationMain" time="14.325" tests="2" errors="0" skipped="0" failures="1">
  <properties>
[...]
</properties>
  <testcase name="verifyErrorShortPasswordReg" classname="TestRegistrationMain" time="7.134">
    <failure message="expected:&lt;Некорректный пароль[. Минимальный пароль — шесть символов]&gt; but was:&lt;Некорректный пароль[]&gt;" type="org.junit.ComparisonFailure"><![CDATA[org.junit.ComparisonFailure: expected:<Некорректный пароль[. Минимальный пароль — шесть символов]> but was:<Некорректный пароль[]>
	at TestRegistrationMain.verifyErrorShortPasswordReg(TestRegistrationMain.java:40)
]]></failure>
    <system-out><![CDATA[21:40:00.541 [main] DEBUG i.g.b.wdm.cache.ResolutionCache - Resolution chrome=111 in cache (valid until 22:31:59 19/03/2023 MSK)
21:40:00.542 [main] DEBUG i.g.b.wdm.cache.ResolutionCache - Resolution chrome111=111.0.5563.64 in cache (valid until 19:08:24 20/03/2023 MSK)
21:40:00.542 [main] INFO  i.g.bonigarcia.wdm.WebDriverManager - Using chromedriver 111.0.5563.64 (resolved driver for Chrome 111)
21:40:00.546 [main] DEBUG i.g.bonigarcia.wdm.WebDriverManager - Driver chromedriver 111.0.5563.64 found in cache
21:40:00.546 [main] INFO  i.g.bonigarcia.wdm.WebDriverManager - Exporting webdriver.chrome.driver as /Users/anna_abramova/.cache/selenium/chromedriver/mac64/111.0.5563.64/chromedriver
21:40:05.997 [main] DEBUG o.a.h.i.c.BasicClientConnectionManager - Get connection for route {}->http://stellarburgers.nomoreparties.site:80
21:40:05.999 [main] DEBUG o.a.h.i.c.DefaultClientConnectionOperator - Connecting to stellarburgers.nomoreparties.site:80
21:40:06.048 [main] DEBUG o.a.h.c.protocol.RequestAddCookies - CookieSpec selected: ignoreCookies
21:40:06.049 [main] DEBUG o.a.h.c.protocol.RequestAuthCache - Auth cache not set in the context
21:40:06.049 [main] DEBUG o.a.h.c.p.RequestTargetAuthentication - Target auth state: UNCHALLENGED
21:40:06.049 [main] DEBUG o.a.h.c.p.RequestProxyAuthentication - Proxy auth state: UNCHALLENGED
21:40:06.049 [main] DEBUG o.a.h.impl.client.DefaultHttpClient - Attempt 1 to execute request
21:40:06.049 [main] DEBUG o.a.h.i.conn.DefaultClientConnection - Sending request: POST /api/auth/register HTTP/1.1
21:40:06.049 [main] DEBUG org.apache.http.wire -  >> "POST /api/auth/register HTTP/1.1[\r][\n]"
21:40:06.049 [main] DEBUG org.apache.http.wire -  >> "Accept: */*[\r][\n]"
21:40:06.049 [main] DEBUG org.apache.http.wire -  >> "Content-Type: application/json[\r][\n]"
21:40:06.049 [main] DEBUG org.apache.http.wire -  >> "Content-Length: 65[\r][\n]"
21:40:06.049 [main] DEBUG org.apache.http.wire -  >> "Host: stellarburgers.nomoreparties.site[\r][\n]"
21:40:06.049 [main] DEBUG org.apache.http.wire -  >> "Connection: Keep-Alive[\r][\n]"
21:40:06.049 [main] DEBUG org.apache.http.wire -  >> "User-Agent: Apache-HttpClient/4.5.13 (Java/19)[\r][\n]"
21:40:06.049 [main] DEBUG org.apache.http.wire -  >> "Accept-Encoding: gzip,deflate[\r][\n]"
21:40:06.049 [main] DEBUG org.apache.http.wire -  >> "[\r][\n]"
21:40:06.049 [main] DEBUG org.apache.http.headers - >> POST /api/auth/register HTTP/1.1
21:40:06.050 [main] DEBUG org.apache.http.headers - >> Accept: */*
21:40:06.050 [main] DEBUG org.apache.http.headers - >> Content-Type: application/json
21:40:06.050 [main] DEBUG org.apache.http.headers - >> Content-Length: 65
21:40:06.050 [main] DEBUG org.apache.http.headers - >> Host: stellarburgers.nomoreparties.site
21:40:06.050 [main] DEBUG org.apache.http.headers - >> Connection: Keep-Alive
21:40:06.050 [main] DEBUG org.apache.http.headers - >> User-Agent: Apache-HttpClient/4.5.13 (Java/19)
21:40:06.050 [main] DEBUG org.apache.http.headers - >> Accept-Encoding: gzip,deflate
21:40:06.050 [main] DEBUG org.apache.http.wire -  >> "{"email":"KqzGZgZU@gmail.ru","password":"vQEa","name":"FMajcJCY"}"
21:40:06.223 [main] DEBUG org.apache.http.wire -  << "HTTP/1.1 200 OK[\r][\n]"
21:40:06.223 [main] DEBUG org.apache.http.wire -  << "Date: Sun, 19 Mar 2023 18:40:06 GMT[\r][\n]"
21:40:06.223 [main] DEBUG org.apache.http.wire -  << "Content-Type: application/json; charset=utf-8[\r][\n]"
21:40:06.223 [main] DEBUG org.apache.http.wire -  << "Transfer-Encoding: chunked[\r][\n]"
21:40:06.223 [main] DEBUG org.apache.http.wire -  << "Connection: keep-alive[\r][\n]"
21:40:06.223 [main] DEBUG org.apache.http.wire -  << "X-Powered-By: Express[\r][\n]"
21:40:06.223 [main] DEBUG org.apache.http.wire -  << "Access-Control-Allow-Origin: *[\r][\n]"
21:40:06.223 [main] DEBUG org.apache.http.wire -  << "authorization: Bearer eyJhbGciOiJIUzI1NiIsInR5cCI6IkpXVCJ9.eyJpZCI6IjY0MTc1NzA2OWVkMjgwMDAxYjJmNWFhOSIsImlhdCI6MTY3OTI1MTIwNiwiZXhwIjoxNjc5MjUyNDA2fQ.fZGDpg40SWn2J9H6g1Yyp2ODKUashGcxnNo-CMafapk[\r][\n]"
21:40:06.223 [main] DEBUG org.apache.http.wire -  << "ETag: W/"16c-x3ueCA65j3DVzLKIJr2QlSUvurg"[\r][\n]"
21:40:06.223 [main] DEBUG org.apache.http.wire -  << "CF-Cache-Status: DYNAMIC[\r][\n]"
21:40:06.223 [main] DEBUG org.apache.http.wire -  << "Report-To: {"endpoints":[{"url":"https:\/\/a.nel.cloudflare.com\/report\/v3?s=Vliqn95qIrrg7rqJjpj05m%2BK8JRIf%2FrsbtgKyZ%2BzN7d9BESNKj1C6fCAJifAL8leXdotlQY7G8z7VkFWatanYAGRyy9S5x0cqZjTJ4y56CpwVHeQ6AwOMaz02uqjt7WFmYmRX2NPmcvOQAOOim7T5ItUgqs%3D"}],"group":"cf-nel","max_age":604800}[\r][\n]"
21:40:06.223 [main] DEBUG org.apache.http.wire -  << "NEL: {"success_fraction":0,"report_to":"cf-nel","max_age":604800}[\r][\n]"
21:40:06.223 [main] DEBUG org.apache.http.wire -  << "Server: cloudflare[\r][\n]"
21:40:06.223 [main] DEBUG org.apache.http.wire -  << "CF-RAY: 7aa7d7869e8e2c3d-FRA[\r][\n]"
21:40:06.223 [main] DEBUG org.apache.http.wire -  << "Content-Encoding: gzip[\r][\n]"
21:40:06.224 [main] DEBUG org.apache.http.wire -  << "alt-svc: h3=":443"; ma=86400, h3-29=":443"; ma=86400[\r][\n]"
21:40:06.224 [main] DEBUG org.apache.http.wire -  << "[\r][\n]"
21:40:06.224 [main] DEBUG o.a.h.i.conn.DefaultClientConnection - Receiving response: HTTP/1.1 200 OK
21:40:06.224 [main] DEBUG org.apache.http.headers - << HTTP/1.1 200 OK
21:40:06.224 [main] DEBUG org.apache.http.headers - << Date: Sun, 19 Mar 2023 18:40:06 GMT
21:40:06.224 [main] DEBUG org.apache.http.headers - << Content-Type: application/json; charset=utf-8
21:40:06.224 [main] DEBUG org.apache.http.headers - << Transfer-Encoding: chunked
21:40:06.224 [main] DEBUG org.apache.http.headers - << Connection: keep-alive
21:40:06.224 [main] DEBUG org.apache.http.headers - << X-Powered-By: Express
21:40:06.224 [main] DEBUG org.apache.http.headers - << Access-Control-Allow-Origin: *
21:40:06.224 [main] DEBUG org.apache.http.headers - << authorization: Bearer eyJhbGciOiJIUzI1NiIsInR5cCI6IkpXVCJ9.eyJpZCI6IjY0MTc1NzA2OWVkMjgwMDAxYjJmNWFhOSIsImlhdCI6MTY3OTI1MTIwNiwiZXhwIjoxNjc5MjUyNDA2fQ.fZGDpg40SWn2J9H6g1Yyp2ODKUashGcxnNo-CMafapk
21:40:06.224 [main] DEBUG org.apache.http.headers - << ETag: W/"16c-x3ueCA65j3DVzLKIJr2QlSUvurg"
21:40:06.224 [main] DEBUG org.apache.http.headers - << CF-Cache-Status: DYNAMIC
21:40:06.224 [main] DEBUG org.apache.http.headers - << Report-To: {"endpoints":[{"url":"https:\/\/a.nel.cloudflare.com\/report\/v3?s=Vliqn95qIrrg7rqJjpj05m%2BK8JRIf%2FrsbtgKyZ%2BzN7d9BESNKj1C6fCAJifAL8leXdotlQY7G8z7VkFWatanYAGRyy9S5x0cqZjTJ4y56CpwVHeQ6AwOMaz02uqjt7WFmYmRX2NPmcvOQAOOim7T5ItUgqs%3D"}],"group":"cf-nel","max_age":604800}
21:40:06.224 [main] DEBUG org.apache.http.headers - << NEL: {"success_fraction":0,"report_to":"cf-nel","max_age":604800}
21:40:06.224 [main] DEBUG org.apache.http.headers - << Server: cloudflare
21:40:06.224 [main] DEBUG org.apache.http.headers - << CF-RAY: 7aa7d7869e8e2c3d-FRA
21:40:06.224 [main] DEBUG org.apache.http.headers - << Content-Encoding: gzip
21:40:06.224 [main] DEBUG org.apache.http.headers - << alt-svc: h3=":443"; ma=86400, h3-29=":443"; ma=86400
21:40:06.224 [main] DEBUG o.a.h.impl.client.DefaultHttpClient - Connection can be kept alive indefinitely
21:40:06.225 [main] DEBUG i.r.internal.RestAssuredHttpBuilder - Parsing response as: application/json; charset=utf-8
21:40:06.225 [main] DEBUG org.apache.http.wire -  << "146[\r][\n]"
21:40:06.225 [main] DEBUG org.apache.http.wire -  << "[0x1f][0x8b][0x8][0x0][0x0][0x0][0x0][0x0][0x0][0x3]4[0xcf][0xcb]N[0x83]@[0x18]@[0xe1]W1[0xff][0xba]6[0xc3][0x0]Cae[0x85][0xb4][0xe][0x6][0x88][0x96]^[0xe8]n[0x98][0xb][0xb7]B[0x11]$[0x14][0x9a][0xbe][0xbb][0xd1][0xc4][0xed][0xb7]8[0xc9][0xb9]C?p.[0xfb][0x1e][0x9c][0xef]n[0x90][0xb][0x18]z[0xd9][0x81]s[0x7]Y[0xb3][0xe2][0x2][0xe]T_s6g[0xf3][0xf0][0x92][0xfd][0xc2][0xb2][0x1b]`[0x1][\r][0xab]%8[0xb0][0x9]X[0xc9]}7[0x81][0xc7][0x2][0xd8]_$[0xbe]V[0xb2][0x1][0x7]^%[0xeb]d[0xf7]$'?O[0xb7][0xbc][0x88][\n]"
21:40:06.225 [main] DEBUG org.apache.http.wire -  << "[0x9f][0xee]g[0xaa][0x85][0x5][0xed]i[0xf3]ir[0x97][0x12]Z[0xb5][0xa7][0x83][0xeb][0xdb]K9[0xf9][0xed][0xf9][0x17][0xca][0x4][0x5]1[0xd7][0xc2]y[0x8d][0xa3][0xe3][0xa1][\n]"
21:40:06.225 [main] DEBUG org.apache.http.wire -  << "[0xca]l[0xc][0xbc][0xf5]-)[0xfd]:<n[0xf2]hG{Z_r[0xe1]R[0x12][0xc4][0x89][0x1e][0xc5]T[0xb]b:[0x86][0xc5]X[0x9c]O[0xf9]H[0xcb][0xeb]-,[0xb9][0x19][0x94][0xfb])[0xf4][0xd6]X},[0xd5]y[0xeb][0xb5][0x99][0x81]v[0xc7][0x6][0xfb][0xf6][0x1b][0xc9][0xb4]djq[0xe4][0xbd][0xef]Y[0x9f]o[0xf9][0xad][0x9][0xaf][0xcf]n[0xc0][0x14]k+X@'U'[0xfb][0xfc][0xff][0x81]0[0x99][0x1a]X[0x11]n[\n]"
21:40:06.225 [main] DEBUG org.apache.http.wire -  << "K $[0xa5][0xb4][0xc]n[0xa6][0x1c][0xa5]([0x15]X[0xc7][0x16]3[0x90][0xad]3[0xa4]![0xcd]V[0xba][0xc9],=[0xd5][0xf1][0xca]J[0xc5][0x8a]qe[0x9]"[0x8]A+[0xd3]T[0x16][0xb1]-![0x94][0x80][0xc7][0xf][0x0][0x0][0x0][0xff][0xff][0x3][0x0][0xb1][0xd5][Wl[0x1][0x0][0x0]"
21:40:06.225 [main] DEBUG org.apache.http.wire -  << "[\r][\n]"
21:40:06.225 [main] DEBUG org.apache.http.wire -  << "0[\r][\n]"
21:40:06.225 [main] DEBUG org.apache.http.wire -  << "[\r][\n]"
21:40:06.225 [main] DEBUG i.r.internal.RestAssuredHttpBuilder - Parsed data to instance of: class org.apache.http.conn.EofSensorInputStream
21:40:07.214 [main] DEBUG o.a.h.i.c.BasicClientConnectionManager - Get connection for route {}->http://stellarburgers.nomoreparties.site:80
21:40:07.214 [main] DEBUG o.a.h.i.c.DefaultClientConnectionOperator - Connecting to stellarburgers.nomoreparties.site:80
21:40:07.265 [main] DEBUG o.a.h.c.protocol.RequestAddCookies - CookieSpec selected: ignoreCookies
21:40:07.265 [main] DEBUG o.a.h.c.protocol.RequestAuthCache - Auth cache not set in the context
21:40:07.265 [main] DEBUG o.a.h.c.p.RequestTargetAuthentication - Target auth state: UNCHALLENGED
21:40:07.265 [main] DEBUG o.a.h.c.p.RequestProxyAuthentication - Proxy auth state: UNCHALLENGED
21:40:07.265 [main] DEBUG o.a.h.impl.client.DefaultHttpClient - Attempt 1 to execute request
21:40:07.265 [main] DEBUG o.a.h.i.conn.DefaultClientConnection - Sending request: POST /api/auth/login HTTP/1.1
21:40:07.265 [main] DEBUG org.apache.http.wire -  >> "POST /api/auth/login HTTP/1.1[\r][\n]"
21:40:07.265 [main] DEBUG org.apache.http.wire -  >> "Accept: */*[\r][\n]"
21:40:07.265 [main] DEBUG org.apache.http.wire -  >> "Content-Type: application/json[\r][\n]"
21:40:07.265 [main] DEBUG org.apache.http.wire -  >> "Content-Length: 30[\r][\n]"
21:40:07.265 [main] DEBUG org.apache.http.wire -  >> "Host: stellarburgers.nomoreparties.site[\r][\n]"
21:40:07.265 [main] DEBUG org.apache.http.wire -  >> "Connection: Keep-Alive[\r][\n]"
21:40:07.265 [main] DEBUG org.apache.http.wire -  >> "User-Agent: Apache-HttpClient/4.5.13 (Java/19)[\r][\n]"
21:40:07.265 [main] DEBUG org.apache.http.wire -  >> "Accept-Encoding: gzip,deflate[\r][\n]"
21:40:07.265 [main] DEBUG org.apache.http.wire -  >> "[\r][\n]"
21:40:07.265 [main] DEBUG org.apache.http.headers - >> POST /api/auth/login HTTP/1.1
21:40:07.265 [main] DEBUG org.apache.http.headers - >> Accept: */*
21:40:07.265 [main] DEBUG org.apache.http.headers - >> Content-Type: application/json
21:40:07.265 [main] DEBUG org.apache.http.headers - >> Content-Length: 30
21:40:07.265 [main] DEBUG org.apache.http.headers - >> Host: stellarburgers.nomoreparties.site
21:40:07.265 [main] DEBUG org.apache.http.headers - >> Connection: Keep-Alive
21:40:07.265 [main] DEBUG org.apache.http.headers - >> User-Agent: Apache-HttpClient/4.5.13 (Java/19)
21:40:07.265 [main] DEBUG org.apache.http.headers - >> Accept-Encoding: gzip,deflate
21:40:07.266 [main] DEBUG org.apache.http.wire -  >> "{"email":null,"password":null}"
21:40:07.350 [main] DEBUG org.apache.http.wire -  << "HTTP/1.1 401 Unauthorized[\r][\n]"
21:40:07.350 [main] DEBUG org.apache.http.wire -  << "Date: Sun, 19 Mar 2023 18:40:07 GMT[\r][\n]"
21:40:07.350 [main] DEBUG org.apache.http.wire -  << "Content-Type: application/json; charset=utf-8[\r][\n]"
21:40:07.350 [main] DEBUG org.apache.http.wire -  << "Content-Length: 61[\r][\n]"
21:40:07.350 [main] DEBUG org.apache.http.wire -  << "Connection: keep-alive[\r][\n]"
21:40:07.350 [main] DEBUG org.apache.http.wire -  << "X-Powered-By: Express[\r][\n]"
21:40:07.350 [main] DEBUG org.apache.http.wire -  << "Access-Control-Allow-Origin: *[\r][\n]"
21:40:07.350 [main] DEBUG org.apache.http.wire -  << "ETag: W/"3d-ad9nrqlzQBuoZ0AId1U3rIgKU84"[\r][\n]"
21:40:07.350 [main] DEBUG org.apache.http.wire -  << "CF-Cache-Status: DYNAMIC[\r][\n]"
21:40:07.350 [main] DEBUG org.apache.http.wire -  << "Report-To: {"endpoints":[{"url":"https:\/\/a.nel.cloudflare.com\/report\/v3?s=%2FuqKP3oXPHesdlzDxE%2FKQLgYK3yl7j%2FyT62WCVTSunERDowZdqS5HbpFIDFRVinFNdHj%2Fjfyr6JV0RVBGsRV22uF9RrdWkPVkApgrQe9UD2B%2FqRoTzWBpPftUTycGW%2BrBNrtTv2u5fo0cnzyogFlQFgmekk%3D"}],"group":"cf-nel","max_age":604800}[\r][\n]"
21:40:07.350 [main] DEBUG org.apache.http.wire -  << "NEL: {"success_fraction":0,"report_to":"cf-nel","max_age":604800}[\r][\n]"
21:40:07.351 [main] DEBUG org.apache.http.wire -  << "Server: cloudflare[\r][\n]"
21:40:07.351 [main] DEBUG org.apache.http.wire -  << "CF-RAY: 7aa7d78e3897921d-FRA[\r][\n]"
21:40:07.351 [main] DEBUG org.apache.http.wire -  << "alt-svc: h3=":443"; ma=86400, h3-29=":443"; ma=86400[\r][\n]"
21:40:07.351 [main] DEBUG org.apache.http.wire -  << "[\r][\n]"
21:40:07.351 [main] DEBUG o.a.h.i.conn.DefaultClientConnection - Receiving response: HTTP/1.1 401 Unauthorized
21:40:07.351 [main] DEBUG org.apache.http.headers - << HTTP/1.1 401 Unauthorized
21:40:07.351 [main] DEBUG org.apache.http.headers - << Date: Sun, 19 Mar 2023 18:40:07 GMT
21:40:07.351 [main] DEBUG org.apache.http.headers - << Content-Type: application/json; charset=utf-8
21:40:07.351 [main] DEBUG org.apache.http.headers - << Content-Length: 61
21:40:07.351 [main] DEBUG org.apache.http.headers - << Connection: keep-alive
21:40:07.351 [main] DEBUG org.apache.http.headers - << X-Powered-By: Express
21:40:07.351 [main] DEBUG org.apache.http.headers - << Access-Control-Allow-Origin: *
21:40:07.351 [main] DEBUG org.apache.http.headers - << ETag: W/"3d-ad9nrqlzQBuoZ0AId1U3rIgKU84"
21:40:07.351 [main] DEBUG org.apache.http.headers - << CF-Cache-Status: DYNAMIC
21:40:07.351 [main] DEBUG org.apache.http.headers - << Report-To: {"endpoints":[{"url":"https:\/\/a.nel.cloudflare.com\/report\/v3?s=%2FuqKP3oXPHesdlzDxE%2FKQLgYK3yl7j%2FyT62WCVTSunERDowZdqS5HbpFIDFRVinFNdHj%2Fjfyr6JV0RVBGsRV22uF9RrdWkPVkApgrQe9UD2B%2FqRoTzWBpPftUTycGW%2BrBNrtTv2u5fo0cnzyogFlQFgmekk%3D"}],"group":"cf-nel","max_age":604800}
21:40:07.351 [main] DEBUG org.apache.http.headers - << NEL: {"success_fraction":0,"report_to":"cf-nel","max_age":604800}
21:40:07.351 [main] DEBUG org.apache.http.headers - << Server: cloudflare
21:40:07.351 [main] DEBUG org.apache.http.headers - << CF-RAY: 7aa7d78e3897921d-FRA
21:40:07.351 [main] DEBUG org.apache.http.headers - << alt-svc: h3=":443"; ma=86400, h3-29=":443"; ma=86400
21:40:07.352 [main] DEBUG o.a.h.impl.client.DefaultHttpClient - Connection can be kept alive indefinitely
21:40:07.352 [main] DEBUG o.a.h.impl.client.DefaultHttpClient - Authentication required
21:40:07.352 [main] DEBUG o.a.h.impl.client.DefaultHttpClient - stellarburgers.nomoreparties.site:80 requested authentication
21:40:07.352 [main] DEBUG o.a.h.impl.client.DefaultHttpClient - Response contains no authentication challenges
21:40:07.352 [main] DEBUG i.r.internal.RestAssuredHttpBuilder - Parsing response as: application/json; charset=utf-8
21:40:07.352 [main] DEBUG i.r.internal.RestAssuredHttpBuilder - Parsed data to instance of: class org.apache.http.conn.EofSensorInputStream
21:40:07.355 [main] DEBUG org.apache.http.wire -  << "{"success":false,"message":"email or password are incorrect"}"
21:40:07.355 [main] DEBUG o.a.h.i.c.BasicClientConnectionManager - Releasing connection org.apache.http.impl.conn.ManagedClientConnectionImpl@32a37d12
21:40:07.356 [main] DEBUG o.a.h.i.c.BasicClientConnectionManager - Connection can be kept alive indefinitely
]]></system-out>
    <system-err><![CDATA[Starting ChromeDriver 111.0.5563.64 (c710e93d5b63b7095afe8c2c17df34408078439d-refs/branch-heads/5563@{#995}) on port 8829
Only local connections are allowed.
Please see https://chromedriver.chromium.org/security-considerations for suggestions on keeping ChromeDriver safe.
ChromeDriver was started successfully.
мар. 19, 2023 9:40:02 PM org.openqa.selenium.devtools.CdpVersionFinder findNearestMatch
WARNING: Unable to find an exact match for CDP version 111, so returning the closest version found: 109
]]></system-err>
  </testcase>
  <testcase name="verifySuccessRegIsPossible" classname="TestRegistrationMain" time="7.181"/>
</testsuite>